<?xml version="1.0" encoding="UTF-8"?>
<testsuite name="com.bl.csvjson.AddressBookMainTest" tests="7" skipped="0" failures="0" errors="0" timestamp="2020-10-16T09:10:57" hostname="LAPTOP-JP0FR8LN" time="0.394">
  <properties/>
  <testcase name="given_Contacts_Should_Write_To_A_File_And_Give_Count" classname="com.bl.csvjson.AddressBookMainTest" time="0.068"/>
  <testcase name="given_Contacts_Should_Read_A_File_And_Give_Count" classname="com.bl.csvjson.AddressBookMainTest" time="0.009"/>
  <testcase name="read_Contacts_From_JSON" classname="com.bl.csvjson.AddressBookMainTest" time="0.095"/>
  <testcase name="read_when_done" classname="com.bl.csvjson.AddressBookMainTest" time="0.139"/>
  <testcase name="write_Contacts_Into_JSon" classname="com.bl.csvjson.AddressBookMainTest" time="0.018"/>
  <testcase name="given_Contacts_Should_Write_To_A_File" classname="com.bl.csvjson.AddressBookMainTest" time="0.002"/>
  <testcase name="write_Into_CSV_File" classname="com.bl.csvjson.AddressBookMainTest" time="0.059"/>
  <system-out><![CDATA[Contact{firstname='Arka', lastname='Dey', address='lmao', city='kol', state='wb', zip='700026', number='8961377960', email='abc@gmail.com'}
Contact{firstname='Mayuri', lastname='Dey', address='lmao', city='kol', state='wb', zip='700089', number='8961388960', email='abcd@gmail.com'}
Contact{firstname='Nayanika', lastname='Guha', address='lmao', city='kol', state='wb', zip='700096', number='8961377900', email='abcdef@gmail.com'}
Contact{firstname='John', lastname='Doe', address='lmao', city='kol', state='wb', zip='700026', number='78906543', email='tom.lee@example.com'}
Contact{firstname='Jack', lastname='Doe', address='rofl', city='kol', state='wb', zip='700027', number='789065437', email='tom.lee@example.com'}
First Name : Arka
Last Name : Dey
Address: lmao
City : kol
State : wb
Zip : 700026
Number : 7896543
Email : abc@gmail.com
==========================
First Name : Sanjib
Last Name : Dey
Address: lmao
City : kol
State : wb
Zip : 700026
Number : 7896543
Email : abc@gmail.com
==========================
]]></system-out>
  <system-err><![CDATA[]]></system-err>
</testsuite>
