<?xml version="1.0" encoding="UTF-8"?>
<testsuite name="com.bl.csvjson.AddressBookMainTest" tests="1" skipped="0" failures="0" errors="0" timestamp="2020-10-16T08:57:21" hostname="LAPTOP-JP0FR8LN" time="0.084">
  <properties/>
  <testcase name="read_when_done" classname="com.bl.csvjson.AddressBookMainTest" time="0.084"/>
  <system-out><![CDATA[First Name : Arka
Last Name : Dey
Address: lmao
City : kol
State : wb
Zip : 700026
Number : 7896543
Email : abc@gmail.com
==========================
First Name : Sanjib
Last Name : Dey
Address: lmao
City : kol
State : wb
Zip : 700026
Number : 7896543
Email : abc@gmail.com
==========================
]]></system-out>
  <system-err><![CDATA[]]></system-err>
</testsuite>
